Fri Jan 03 09:45:11 Loaded file C:\PROGRAM FILES\ORCAD\LAYOUT_PLUS\LIBRARY\BCON100T.LLB
Fri Jan 03 09:45:11 Loaded file C:\PROGRAM FILES\ORCAD\LAYOUT_PLUS\LIBRARY\BCON156T.LLB
Fri Jan 03 09:45:11 Loaded file C:\PROGRAM FILES\ORCAD\LAYOUT_PLUS\LIBRARY\BGA.LLB
Fri Jan 03 09:45:11 Loaded file C:\PROGRAM FILES\ORCAD\LAYOUT_PLUS\LIBRARY\CLCC.LLB
Fri Jan 03 09:45:11 Loaded file C:\PROGRAM FILES\ORCAD\LAYOUT_PLUS\LIBRARY\DCON050T.LLB
Fri Jan 03 09:45:11 Loaded file C:\PROGRAM FILES\ORCAD\LAYOUT_PLUS\LIBRARY\DCON085T.LLB
Fri Jan 03 09:45:11 Loaded file C:\PROGRAM FILES\ORCAD\LAYOUT_PLUS\LIBRARY\DIMM050F.LLB
Fri Jan 03 09:45:11 Loaded file C:\PROGRAM FILES\ORCAD\LAYOUT_PLUS\LIBRARY\DIMM050T.LLB
Fri Jan 03 09:45:11 Loaded file C:\PROGRAM FILES\ORCAD\LAYOUT_PLUS\LIBRARY\DIN.LLB
Fri Jan 03 09:45:11 Loaded file C:\PROGRAM FILES\ORCAD\LAYOUT_PLUS\LIBRARY\DIP100B.LLB
Fri Jan 03 09:45:11 Loaded file C:\PROGRAM FILES\ORCAD\LAYOUT_PLUS\LIBRARY\DIP100T.LLB
Fri Jan 03 09:45:11 Loaded file C:\PROGRAM FILES\ORCAD\LAYOUT_PLUS\LIBRARY\DSUBT.LLB
Fri Jan 03 09:45:11 Loaded file C:\PROGRAM FILES\ORCAD\LAYOUT_PLUS\LIBRARY\DSUBT_HD.LLB
Fri Jan 03 09:45:11 Loaded file C:\PROGRAM FILES\ORCAD\LAYOUT_PLUS\LIBRARY\ECON100T.LLB
Fri Jan 03 09:45:11 Loaded file C:\PROGRAM FILES\ORCAD\LAYOUT_PLUS\LIBRARY\EMPTY.LLB
Fri Jan 03 09:45:11 Loaded file C:\PROGRAM FILES\ORCAD\LAYOUT_PLUS\LIBRARY\EX_GUI.LLB
Fri Jan 03 09:45:11 Loaded file C:\PROGRAM FILES\ORCAD\LAYOUT_PLUS\LIBRARY\FBUS.LLB
Fri Jan 03 09:45:11 Loaded file C:\PROGRAM FILES\ORCAD\LAYOUT_PLUS\LIBRARY\ISA.LLB
Fri Jan 03 09:45:11 Loaded file C:\PROGRAM FILES\ORCAD\LAYOUT_PLUS\LIBRARY\JUMPER.LLB
Fri Jan 03 09:45:11 Loaded file C:\PROGRAM FILES\ORCAD\LAYOUT_PLUS\LIBRARY\LAYOUT.LLB
Fri Jan 03 09:45:11 Loaded file C:\PROGRAM FILES\ORCAD\LAYOUT_PLUS\LIBRARY\LCON100T.LLB
Fri Jan 03 09:45:11 Loaded file C:\PROGRAM FILES\ORCAD\LAYOUT_PLUS\LIBRARY\METRIC.LLB
Fri Jan 03 09:45:11 Loaded file C:\PROGRAM FILES\ORCAD\LAYOUT_PLUS\LIBRARY\PADSTACK.LLB
Fri Jan 03 09:45:11 Loaded file C:\PROGRAM FILES\ORCAD\LAYOUT_PLUS\LIBRARY\PC104.LLB
Fri Jan 03 09:45:11 Loaded file C:\PROGRAM FILES\ORCAD\LAYOUT_PLUS\LIBRARY\PCI.LLB
Fri Jan 03 09:45:11 Loaded file C:\PROGRAM FILES\ORCAD\LAYOUT_PLUS\LIBRARY\PCON100T.LLB
Fri Jan 03 09:45:11 Loaded file C:\PROGRAM FILES\ORCAD\LAYOUT_PLUS\LIBRARY\PCON156T.LLB
Fri Jan 03 09:45:11 Loaded file C:\PROGRAM FILES\ORCAD\LAYOUT_PLUS\LIBRARY\PGA.LLB
Fri Jan 03 09:45:11 Loaded file C:\PROGRAM FILES\ORCAD\LAYOUT_PLUS\LIBRARY\PLCC.LLB
Fri Jan 03 09:45:11 Loaded file C:\PROGRAM FILES\ORCAD\LAYOUT_PLUS\LIBRARY\QUAD.LLB
Fri Jan 03 09:45:11 Loaded file C:\PROGRAM FILES\ORCAD\LAYOUT_PLUS\LIBRARY\QUADB.LLB
Fri Jan 03 09:45:11 Loaded file C:\PROGRAM FILES\ORCAD\LAYOUT_PLUS\LIBRARY\RELAY.LLB
Fri Jan 03 09:45:11 Loaded file C:\PROGRAM FILES\ORCAD\LAYOUT_PLUS\LIBRARY\RF.LLB
Fri Jan 03 09:45:11 Loaded file C:\PROGRAM FILES\ORCAD\LAYOUT_PLUS\LIBRARY\SBUS.LLB
Fri Jan 03 09:45:11 Loaded file C:\PROGRAM FILES\ORCAD\LAYOUT_PLUS\LIBRARY\SIMM050F.LLB
Fri Jan 03 09:45:11 Loaded file C:\PROGRAM FILES\ORCAD\LAYOUT_PLUS\LIBRARY\SIMM050T.LLB
Fri Jan 03 09:45:11 Loaded file C:\PROGRAM FILES\ORCAD\LAYOUT_PLUS\LIBRARY\SIMM100F.LLB
Fri Jan 03 09:45:11 Loaded file C:\PROGRAM FILES\ORCAD\LAYOUT_PLUS\LIBRARY\SIMM100T.LLB
Fri Jan 03 09:45:11 Loaded file C:\PROGRAM FILES\ORCAD\LAYOUT_PLUS\LIBRARY\SIP.LLB
Fri Jan 03 09:45:11 Loaded file C:\PROGRAM FILES\ORCAD\LAYOUT_PLUS\LIBRARY\SM.LLB
Fri Jan 03 09:45:11 Loaded file C:\PROGRAM FILES\ORCAD\LAYOUT_PLUS\LIBRARY\SOG.LLB
Fri Jan 03 09:45:11 Loaded file C:\PROGRAM FILES\ORCAD\LAYOUT_PLUS\LIBRARY\SOJ.LLB
Fri Jan 03 09:45:12 Loaded file C:\PROGRAM FILES\ORCAD\LAYOUT_PLUS\LIBRARY\STIFF.LLB
Fri Jan 03 09:45:12 Loaded file C:\PROGRAM FILES\ORCAD\LAYOUT_PLUS\LIBRARY\TELE.LLB
Fri Jan 03 09:45:12 Loaded file C:\PROGRAM FILES\ORCAD\LAYOUT_PLUS\LIBRARY\TM_AXIAL.LLB
Fri Jan 03 09:45:12 Loaded file C:\PROGRAM FILES\ORCAD\LAYOUT_PLUS\LIBRARY\TM_CAP_P.LLB
Fri Jan 03 09:45:12 Loaded file C:\PROGRAM FILES\ORCAD\LAYOUT_PLUS\LIBRARY\TM_CYLND.LLB
Fri Jan 03 09:45:12 Loaded file C:\PROGRAM FILES\ORCAD\LAYOUT_PLUS\LIBRARY\TM_DIODE.LLB
Fri Jan 03 09:45:12 Loaded file C:\PROGRAM FILES\ORCAD\LAYOUT_PLUS\LIBRARY\TM_DISC.LLB
Fri Jan 03 09:45:12 Loaded file C:\PROGRAM FILES\ORCAD\LAYOUT_PLUS\LIBRARY\TM_RAD.LLB
Fri Jan 03 09:45:12 Loaded file C:\PROGRAM FILES\ORCAD\LAYOUT_PLUS\LIBRARY\TO.LLB
Fri Jan 03 09:45:12 Loaded file C:\PROGRAM FILES\ORCAD\LAYOUT_PLUS\LIBRARY\TRAINING.LLB
Fri Jan 03 09:45:12 Loaded file C:\PROGRAM FILES\ORCAD\LAYOUT_PLUS\LIBRARY\VRES.LLB
Fri Jan 03 09:45:12 Loaded file C:\PROGRAM FILES\ORCAD\LAYOUT_PLUS\LIBRARY\WCON100T.LLB
Fri Jan 03 09:45:12 Loaded file C:\PROGRAM FILES\ORCAD\LAYOUT_PLUS\LIBRARY\XT.LLB
Fri Jan 03 09:45:12 Loaded file C:\PROGRAM FILES\ORCAD\LAYOUT_PLUS\LIBRARY\ZIGZAG.LLB
